<?xml version="1.0" encoding="UTF-8"?>
<!-- Generated by org.testng.reporters.JUnitReportReporter -->
<testsuite hostname="BEYONDER" failures="0" tests="3" name="priorityTestng.Priority" time="0.060" errors="0" timestamp="2024-01-30T08:07:47 IST" skipped="0">
  <testcase classname="priorityTestng.Priority" name="EnterUnP" time="0.043"/>
  <system-out/>
  <testcase classname="priorityTestng.Priority" name="getUrl" time="0.006"/>
  <system-out/>
  <testcase classname="priorityTestng.Priority" name="PageAseccess" time="0.011"/>
  <system-out/>
</testsuite> <!-- priorityTestng.Priority -->
