<?xml version="1.0" encoding="UTF-8"?>
<!-- Generated by org.testng.reporters.JUnitReportReporter -->
<testsuite hostname="BEYONDER" failures="0" tests="1" name="groupingTest.GroupTest3" time="0.036" errors="0" timestamp="2024-02-24T19:11:25 IST" skipped="0">
  <testcase classname="groupingTest.GroupTest3" name="payment" time="0.036"/>
  <system-out/>
</testsuite> <!-- groupingTest.GroupTest3 -->
