<?xml version="1.0" encoding="UTF-8"?>
<!-- Generated by org.testng.reporters.JUnitReportReporter -->
<testsuite hostname="BEYONDER" failures="0" tests="1" name="testng.C" time="0.032" errors="0" timestamp="2024-01-29T13:24:30 IST" skipped="0">
  <testcase classname="testng.C" name="m8" time="0.032"/>
  <system-out/>
</testsuite> <!-- testng.C -->
