<?xml version="1.0" encoding="UTF-8"?>
<!-- Generated by org.testng.reporters.JUnitReportReporter -->
<testsuite hostname="BEYONDER" failures="0" tests="3" name="priorityTestng.ByASCII" time="0.057" errors="0" timestamp="2024-02-19T11:37:12 IST" skipped="0">
  <testcase classname="priorityTestng.ByASCII" name="getUrl" time="0.042"/>
  <system-out/>
  <testcase classname="priorityTestng.ByASCII" name="PageAseccess" time="0.007"/>
  <system-out/>
  <testcase classname="priorityTestng.ByASCII" name="EnterUnP" time="0.008"/>
  <system-out/>
</testsuite> <!-- priorityTestng.ByASCII -->
