<?xml version="1.0" encoding="UTF-8"?>
<!-- Generated by org.testng.reporters.JUnitReportReporter -->
<testsuite hostname="BEYONDER" failures="0" tests="3" name="priorityTestng.ByGrouping" time="0.062" errors="0" timestamp="2024-02-19T11:37:47 IST" skipped="0">
  <testcase classname="priorityTestng.ByGrouping" name="EnterUnP" time="0.043"/>
  <system-out/>
  <testcase classname="priorityTestng.ByGrouping" name="getUrl" time="0.010"/>
  <system-out/>
  <testcase classname="priorityTestng.ByGrouping" name="PageAseccess" time="0.009"/>
  <system-out/>
</testsuite> <!-- priorityTestng.ByGrouping -->
