<?xml version="1.0" encoding="UTF-8"?>
<!-- Generated by org.testng.reporters.JUnitReportReporter -->
<testsuite hostname="BEYONDER" failures="0" tests="1" name="testng.A" time="0.016" errors="0" timestamp="2024-01-29T13:24:30 IST" skipped="0">
  <testcase classname="testng.A" name="m2" time="0.016"/>
  <system-out/>
</testsuite> <!-- testng.A -->
