<?xml version="1.0" encoding="UTF-8"?>
<!-- Generated by org.testng.reporters.JUnitReportReporter -->
<testsuite hostname="BEYONDER" failures="0" tests="2" name="asstract.Sky" time="0.050" errors="0" timestamp="2024-02-24T19:08:14 IST" skipped="0">
  <testcase classname="asstract.Sky" name="main" time="0.005"/>
  <system-out/>
  <testcase classname="asstract.Sky" name="m1" time="0.045"/>
  <system-out/>
</testsuite> <!-- asstract.Sky -->
