<?xml version="1.0" encoding="UTF-8"?>
<!-- Generated by org.testng.reporters.JUnitReportReporter -->
<testsuite hostname="BEYONDER" failures="0" tests="3" name="priorityTestng.ByMethod" time="0.051" errors="0" timestamp="2024-02-24T19:20:40 IST" skipped="0">
  <testcase classname="priorityTestng.ByMethod" name="getUrl" time="0.006"/>
  <system-out/>
  <testcase classname="priorityTestng.ByMethod" name="showpage" time="0.006"/>
  <system-out/>
  <testcase classname="priorityTestng.ByMethod" name="EnterUnP" time="0.039"/>
  <system-out/>
</testsuite> <!-- priorityTestng.ByMethod -->
