<?xml version="1.0" encoding="UTF-8"?>
<!-- Generated by org.testng.reporters.JUnitReportReporter -->
<testsuite hostname="BEYONDER" failures="0" tests="3" name="priorityTestng.PriorityByNu" time="0.059" errors="0" timestamp="2024-02-19T11:38:50 IST" skipped="0">
  <testcase classname="priorityTestng.PriorityByNu" name="EnterUnP" time="0.040"/>
  <system-out/>
  <testcase classname="priorityTestng.PriorityByNu" name="getUrl" time="0.010"/>
  <system-out/>
  <testcase classname="priorityTestng.PriorityByNu" name="PageAseccess" time="0.009"/>
  <system-out/>
</testsuite> <!-- priorityTestng.PriorityByNu -->
