<?xml version="1.0" encoding="UTF-8"?>
<!-- Generated by org.testng.reporters.JUnitReportReporter -->
<testsuite hostname="BEYONDER" failures="0" tests="2" name="include.IncludeMethod" time="0.096" errors="0" timestamp="2024-02-24T19:06:58 IST" skipped="0">
  <testcase classname="include.IncludeMethod" name="Access" time="0.089"/>
  <system-out/>
  <testcase classname="include.IncludeMethod" name="verify" time="0.007"/>
  <system-out/>
</testsuite> <!-- include.IncludeMethod -->
