<?xml version="1.0" encoding="UTF-8"?>
<!-- Generated by org.testng.reporters.JUnitReportReporter -->
<testsuite hostname="BEYONDER" failures="0" tests="3" name="groupingTest.GroupTest" time="0.061" errors="0" timestamp="2024-02-24T19:11:50 IST" skipped="0">
  <testcase classname="groupingTest.GroupTest" name="PageAseccess" time="0.010"/>
  <system-out/>
  <testcase classname="groupingTest.GroupTest" name="EnterUnP" time="0.041"/>
  <system-out/>
  <testcase classname="groupingTest.GroupTest" name="getUrl" time="0.010"/>
  <system-out/>
</testsuite> <!-- groupingTest.GroupTest -->
