<?xml version="1.0" encoding="UTF-8"?>
<!-- Generated by org.testng.reporters.JUnitReportReporter -->
<testsuite hostname="BEYONDER" failures="0" tests="2" name="groupingTest.GroupTest2" time="0.011" errors="0" timestamp="2024-02-19T11:36:29 IST" skipped="0">
  <testcase classname="groupingTest.GroupTest2" name="order" time="0.005"/>
  <system-out/>
  <testcase classname="groupingTest.GroupTest2" name="pagevisible" time="0.006"/>
  <system-out/>
</testsuite> <!-- groupingTest.GroupTest2 -->
